This is pdfTeX, Version 3.14159265-2.6-1.40.20 (TeX Live 2019) (preloaded format=pdflatex 2020.1.29)  14 MAR 2021 10:15
entering extended mode
 restricted \write18 enabled.
 file:line:error style messages enabled.
 %&-line parsing enabled.
**ex_article.tex
(./ex_article.tex
LaTeX2e <2018-12-01>
(./siamart190516.cls
Document Class: siamart190516 2019/05/16 v1.4.3 LaTeX document e-class
(/usr/local/texlive/2019/texmf-dist/tex/latex/amsmath/amsmath.sty
Package: amsmath 2018/12/01 v2.17b AMS math features
\@mathmargin=\skip41

For additional information on amsmath, use the `?' option.
(/usr/local/texlive/2019/texmf-dist/tex/latex/amsmath/amstext.sty
Package: amstext 2000/06/29 v2.01 AMS text

(/usr/local/texlive/2019/texmf-dist/tex/latex/amsmath/amsgen.sty
File: amsgen.sty 1999/11/30 v2.0 generic functions
\@emptytoks=\toks14
\ex@=\dimen102
))
(/usr/local/texlive/2019/texmf-dist/tex/latex/amsmath/amsbsy.sty
Package: amsbsy 1999/11/29 v1.2d Bold Symbols
\pmbraise@=\dimen103
)
(/usr/local/texlive/2019/texmf-dist/tex/latex/amsmath/amsopn.sty
Package: amsopn 2016/03/08 v2.02 operator names
)
\inf@bad=\count80
LaTeX Info: Redefining \frac on input line 223.
\uproot@=\count81
\leftroot@=\count82
LaTeX Info: Redefining \overline on input line 385.
\classnum@=\count83
\DOTSCASE@=\count84
LaTeX Info: Redefining \ldots on input line 482.
LaTeX Info: Redefining \dots on input line 485.
LaTeX Info: Redefining \cdots on input line 606.
\Mathstrutbox@=\box27
\strutbox@=\box28
\big@size=\dimen104
LaTeX Font Info:    Redeclaring font encoding OML on input line 729.
LaTeX Font Info:    Redeclaring font encoding OMS on input line 730.
\macc@depth=\count85
\c@MaxMatrixCols=\count86
\dotsspace@=\muskip10
\c@parentequation=\count87
\dspbrk@lvl=\count88
\tag@help=\toks15
\row@=\count89
\column@=\count90
\maxfields@=\count91
\andhelp@=\toks16
\eqnshift@=\dimen105
\alignsep@=\dimen106
\tagshift@=\dimen107
\tagwidth@=\dimen108
\totwidth@=\dimen109
\lineht@=\dimen110
\@envbody=\toks17
\multlinegap=\skip42
\multlinetaggap=\skip43
\mathdisplay@stack=\toks18
LaTeX Info: Redefining \[ on input line 2844.
LaTeX Info: Redefining \] on input line 2845.
)
(/usr/local/texlive/2019/texmf-dist/tex/latex/ntheorem/ntheorem.sty
Style `ntheorem', Version 1.33 <2011/08/15>
Package: ntheorem 2011/08/15 1.33
(/usr/local/texlive/2019/texmf-dist/tex/latex/base/ifthen.sty
Package: ifthen 2014/09/29 v1.1c Standard LaTeX ifthen package (DPC)
)
\theorem@style=\toks19
\theorem@@style=\toks20
\theorembodyfont=\toks21
\theoremnumbering=\toks22
\theorempreskipamount=\skip44
\theorempostskipamount=\skip45
\theoremframepreskipamount=\skip46
\theoremframepostskipamount=\skip47
\theoreminframepreskipamount=\skip48
\theoreminframepostskipamount=\skip49
\theorem@preskip=\toks23
\theorem@postskip=\toks24
\theorem@framepreskip=\toks25
\theorem@framepostskip=\toks26
\theorem@inframepreskip=\toks27
\theorem@inframepostskip=\toks28
\theoremindent=\dimen111
\theorem@indent=\dimen112
\theoremrightindent=\dimen113
\theorem@rightindent=\dimen114
\theoremheaderfont=\toks29
\theoremseparator=\toks30
\theoremprework=\toks31
\theorempostwork=\toks32
\theoremsymbol=\toks33
\qedsymbol=\toks34
\theoremkeyword=\toks35
\qedsymbol=\toks36
\thm@topsep=\skip50
\thm@topsepadd=\skip51
Package ntheorem Info: Option `thmmarks' loaded on input line 1175.
\c@endNonectr=\count92
\c@currNonectr=\count93
\mysavskip=\skip52
Package ntheorem Info: option `amsmath' handling for `thmmarks' loaded on input
 line 1175.
\thm@amstmpdepth=\dimen115
\tagwidth=\dimen116
)
\fromfoliotocopyright=\skip53
\c@section=\count94
\c@subsection=\count95
\c@subsubsection=\count96
\c@paragraph=\count97
\c@subparagraph=\count98
\c@rmnum=\count99
\c@muni=\count100
\@sectionspace=\skip54
\@negsectionspace=\skip55
\c@figure=\count101
\c@table=\count102
\abovecaptionskip=\skip56
\belowcaptionskip=\skip57
\bibindent=\dimen117

(/usr/local/texlive/2019/texmf-dist/tex/latex/hyperref/xr-hyper.sty
Package: xr-hyper 2000/03/22 v6.00beta4 eXternal References (DPC)
)
(/usr/local/texlive/2019/texmf-dist/tex/generic/oberdiek/ifpdf.sty
Package: ifpdf 2018/09/07 v3.3 Provides the ifpdf switch
)
(/usr/local/texlive/2019/texmf-dist/tex/latex/hyperref/hyperref.sty
Package: hyperref 2018/11/30 v6.88e Hypertext links for LaTeX

(/usr/local/texlive/2019/texmf-dist/tex/generic/oberdiek/hobsub-hyperref.sty
Package: hobsub-hyperref 2016/05/16 v1.14 Bundle oberdiek, subset hyperref (HO)


(/usr/local/texlive/2019/texmf-dist/tex/generic/oberdiek/hobsub-generic.sty
Package: hobsub-generic 2016/05/16 v1.14 Bundle oberdiek, subset generic (HO)
Package: hobsub 2016/05/16 v1.14 Construct package bundles (HO)
Package: infwarerr 2016/05/16 v1.4 Providing info/warning/error messages (HO)
Package: ltxcmds 2016/05/16 v1.23 LaTeX kernel commands for general use (HO)
Package: ifluatex 2016/05/16 v1.4 Provides the ifluatex switch (HO)
Package ifluatex Info: LuaTeX not detected.
Package: ifvtex 2016/05/16 v1.6 Detect VTeX and its facilities (HO)
Package ifvtex Info: VTeX not detected.
Package: intcalc 2016/05/16 v1.2 Expandable calculations with integers (HO)
Package hobsub Info: Skipping package `ifpdf' (already loaded).
Package: etexcmds 2016/05/16 v1.6 Avoid name clashes with e-TeX commands (HO)
Package: kvsetkeys 2016/05/16 v1.17 Key value parser (HO)
Package: kvdefinekeys 2016/05/16 v1.4 Define keys (HO)
Package: pdftexcmds 2018/09/10 v0.29 Utility functions of pdfTeX for LuaTeX (HO
)
Package pdftexcmds Info: LuaTeX not detected.
Package pdftexcmds Info: \pdf@primitive is available.
Package pdftexcmds Info: \pdf@ifprimitive is available.
Package pdftexcmds Info: \pdfdraftmode found.
Package: pdfescape 2016/05/16 v1.14 Implements pdfTeX's escape features (HO)
Package: bigintcalc 2016/05/16 v1.4 Expandable calculations on big integers (HO
)
Package: bitset 2016/05/16 v1.2 Handle bit-vector datatype (HO)
Package: uniquecounter 2016/05/16 v1.3 Provide unlimited unique counter (HO)
)
Package hobsub Info: Skipping package `hobsub' (already loaded).
Package: letltxmacro 2016/05/16 v1.5 Let assignment for LaTeX macros (HO)
Package: hopatch 2016/05/16 v1.3 Wrapper for package hooks (HO)
Package: xcolor-patch 2016/05/16 xcolor patch
Package: atveryend 2016/05/16 v1.9 Hooks at the very end of document (HO)
Package atveryend Info: \enddocument detected (standard20110627).
Package: atbegshi 2016/06/09 v1.18 At begin shipout hook (HO)
Package: refcount 2016/05/16 v3.5 Data extraction from label references (HO)
Package: hycolor 2016/05/16 v1.8 Color options for hyperref/bookmark (HO)
)
(/usr/local/texlive/2019/texmf-dist/tex/latex/graphics/keyval.sty
Package: keyval 2014/10/28 v1.15 key=value parser (DPC)
\KV@toks@=\toks37
)
(/usr/local/texlive/2019/texmf-dist/tex/generic/ifxetex/ifxetex.sty
Package: ifxetex 2010/09/12 v0.6 Provides ifxetex conditional
)
(/usr/local/texlive/2019/texmf-dist/tex/latex/oberdiek/auxhook.sty
Package: auxhook 2016/05/16 v1.4 Hooks for auxiliary files (HO)
)
(/usr/local/texlive/2019/texmf-dist/tex/latex/oberdiek/kvoptions.sty
Package: kvoptions 2016/05/16 v3.12 Key value format for package options (HO)
)
\@linkdim=\dimen118
\Hy@linkcounter=\count103
\Hy@pagecounter=\count104

(/usr/local/texlive/2019/texmf-dist/tex/latex/hyperref/pd1enc.def
File: pd1enc.def 2018/11/30 v6.88e Hyperref: PDFDocEncoding definition (HO)
Now handling font encoding PD1 ...
... no UTF-8 mapping file for font encoding PD1
)
\Hy@SavedSpaceFactor=\count105

(/usr/local/texlive/2019/texmf-dist/tex/latex/latexconfig/hyperref.cfg
File: hyperref.cfg 2002/06/06 v1.2 hyperref configuration of TeXLive
)
Package hyperref Info: Hyper figures OFF on input line 4519.
Package hyperref Info: Link nesting OFF on input line 4524.
Package hyperref Info: Hyper index ON on input line 4527.
Package hyperref Info: Plain pages OFF on input line 4534.
Package hyperref Info: Backreferencing OFF on input line 4539.
Package hyperref Info: Implicit mode ON; LaTeX internals redefined.
Package hyperref Info: Bookmarks ON on input line 4772.
\c@Hy@tempcnt=\count106

(/usr/local/texlive/2019/texmf-dist/tex/latex/url/url.sty
\Urlmuskip=\muskip11
Package: url 2013/09/16  ver 3.4  Verb mode for urls, etc.
)
LaTeX Info: Redefining \url on input line 5125.
\XeTeXLinkMargin=\dimen119
\Fld@menulength=\count107
\Field@Width=\dimen120
\Fld@charsize=\dimen121
Package hyperref Info: Hyper figures OFF on input line 6380.
Package hyperref Info: Link nesting OFF on input line 6385.
Package hyperref Info: Hyper index ON on input line 6388.
Package hyperref Info: backreferencing OFF on input line 6395.
Package hyperref Info: Link coloring OFF on input line 6400.
Package hyperref Info: Link coloring with OCG OFF on input line 6405.
Package hyperref Info: PDF/A mode OFF on input line 6410.
LaTeX Info: Redefining \ref on input line 6450.
LaTeX Info: Redefining \pageref on input line 6454.
\Hy@abspage=\count108
\c@Item=\count109
\c@Hfootnote=\count110
)
Package hyperref Info: Driver (autodetected): hpdftex.

(/usr/local/texlive/2019/texmf-dist/tex/latex/hyperref/hpdftex.def
File: hpdftex.def 2018/11/30 v6.88e Hyperref driver for pdfTeX
\Fld@listcount=\count111
\c@bookmark@seq@number=\count112

(/usr/local/texlive/2019/texmf-dist/tex/latex/oberdiek/rerunfilecheck.sty
Package: rerunfilecheck 2016/05/16 v1.8 Rerun checks for auxiliary files (HO)
Package uniquecounter Info: New unique counter `rerunfilecheck' on input line 2
82.
)
\Hy@SectionHShift=\skip58
)
Package hyperref Info: Option `colorlinks' set `false' on input line 1286.
Package hyperref Info: Option `frenchlinks' set `false' on input line 1286.
Package hyperref Info: Option `naturalnames' set `false' on input line 1286.
Package hyperref Info: Option `hypertexnames' set `false' on input line 1286.
Package hyperref Info: Option `breaklinks' set `true' on input line 1286.

(/usr/local/texlive/2019/texmf-dist/tex/latex/graphics/graphics.sty
Package: graphics 2017/06/25 v1.2c Standard LaTeX Graphics (DPC,SPQR)

(/usr/local/texlive/2019/texmf-dist/tex/latex/graphics/trig.sty
Package: trig 2016/01/03 v1.10 sin cos tan (DPC)
)
(/usr/local/texlive/2019/texmf-dist/tex/latex/graphics-cfg/graphics.cfg
File: graphics.cfg 2016/06/04 v1.11 sample graphics configuration
)
Package graphics Info: Driver file: pdftex.def on input line 99.

(/usr/local/texlive/2019/texmf-dist/tex/latex/graphics-def/pdftex.def
File: pdftex.def 2018/01/08 v1.0l Graphics/color driver for pdftex
))
(/usr/local/texlive/2019/texmf-dist/tex/latex/graphics/graphicx.sty
Package: graphicx 2017/06/01 v1.1a Enhanced LaTeX Graphics (DPC,SPQR)
\Gin@req@height=\dimen122
\Gin@req@width=\dimen123
)
(/usr/local/texlive/2019/texmf-dist/tex/latex/oberdiek/epstopdf.sty
Package: epstopdf 2016/05/15 v2.6 Conversion with epstopdf on the fly (HO)

(/usr/local/texlive/2019/texmf-dist/tex/latex/oberdiek/epstopdf-base.sty
Package: epstopdf-base 2016/05/15 v2.6 Base part for package epstopdf

(/usr/local/texlive/2019/texmf-dist/tex/latex/oberdiek/grfext.sty
Package: grfext 2016/05/16 v1.2 Manage graphics extensions (HO)
)
Package epstopdf-base Info: Redefining graphics rule for `.eps' on input line 4
38.
Package grfext Info: Graphics extension search list:
(grfext)             [.pdf,.png,.jpg,.mps,.jpeg,.jbig2,.jb2,.PDF,.PNG,.JPG,.JPE
G,.JBIG2,.JB2,.eps]
(grfext)             \AppendGraphicsExtensions on input line 456.

(/usr/local/texlive/2019/texmf-dist/tex/latex/latexconfig/epstopdf-sys.cfg
File: epstopdf-sys.cfg 2010/07/13 v1.3 Configuration of (r)epstopdf for TeX Liv
e
)))
(/usr/local/texlive/2019/texmf-dist/tex/latex/xcolor/xcolor.sty
Package: xcolor 2016/05/11 v2.12 LaTeX color extensions (UK)

(/usr/local/texlive/2019/texmf-dist/tex/latex/graphics-cfg/color.cfg
File: color.cfg 2016/01/02 v1.6 sample color configuration
)
Package xcolor Info: Driver file: pdftex.def on input line 225.
Package xcolor Info: Model `cmy' substituted by `cmy0' on input line 1348.
Package xcolor Info: Model `hsb' substituted by `rgb' on input line 1352.
Package xcolor Info: Model `RGB' extended on input line 1364.
Package xcolor Info: Model `HTML' substituted by `rgb' on input line 1366.
Package xcolor Info: Model `Hsb' substituted by `hsb' on input line 1367.
Package xcolor Info: Model `tHsb' substituted by `hsb' on input line 1368.
Package xcolor Info: Model `HSB' substituted by `hsb' on input line 1369.
Package xcolor Info: Model `Gray' substituted by `gray' on input line 1370.
Package xcolor Info: Model `wave' substituted by `hsb' on input line 1371.
)
Package hyperref Info: Option `colorlinks' set `true' on input line 1322.

(/usr/local/texlive/2019/texmf-dist/tex/latex/oberdiek/hypcap.sty
Package: hypcap 2016/05/16 v1.12 Adjusting the anchors of captions (HO)
)
(/usr/local/texlive/2019/texmf-dist/tex/latex/algorithms/algorithm.sty
Package: algorithm 2009/08/24 v0.1 Document Style `algorithm' - floating enviro
nment

(/usr/local/texlive/2019/texmf-dist/tex/latex/float/float.sty
Package: float 2001/11/08 v1.3d Float enhancements (AL)
\c@float@type=\count113
\float@exts=\toks38
\float@box=\box29
\@float@everytoks=\toks39
\@floatcapt=\box30
)
\@float@every@algorithm=\toks40
\c@algorithm=\count114
)
(/usr/local/texlive/2019/texmf-dist/tex/latex/cleveref/cleveref.sty
Package: cleveref 2018/03/27 v0.21.4 Intelligent cross-referencing
Package cleveref Info: `hyperref' support loaded on input line 2370.
LaTeX Info: Redefining \cref on input line 2370.
LaTeX Info: Redefining \Cref on input line 2370.
LaTeX Info: Redefining \crefrange on input line 2370.
LaTeX Info: Redefining \Crefrange on input line 2370.
LaTeX Info: Redefining \cpageref on input line 2370.
LaTeX Info: Redefining \Cpageref on input line 2370.
LaTeX Info: Redefining \cpagerefrange on input line 2370.
LaTeX Info: Redefining \Cpagerefrange on input line 2370.
LaTeX Info: Redefining \labelcref on input line 2370.
LaTeX Info: Redefining \labelcpageref on input line 2370.
Package cleveref Info: `ntheorem' support loaded on input line 3055.
Package cleveref Info: always capitalise cross-reference names on input line 78
30.
Package cleveref Info: include cross-reference names in hyperlinks on input lin
e 7836.
Package cleveref Info: always capitalise cross-reference names on input line 78
52.
Package cleveref Info: include cross-reference names in hyperlinks on input lin
e 7852.
)
\c@currproofctr=\count115
\c@endproofctr=\count116
\c@proof=\count117
\c@currtheoremctr=\count118
\c@endtheoremctr=\count119
\c@theorem=\count120
\c@currlemmactr=\count121
\c@endlemmactr=\count122
\c@currcorollaryctr=\count123
\c@endcorollaryctr=\count124
\c@currpropositionctr=\count125
\c@endpropositionctr=\count126
\c@currdefinitionctr=\count127
\c@enddefinitionctr=\count128

(/usr/local/texlive/2019/texmf-dist/tex/latex/lineno/lineno.sty
Package: lineno 2005/11/02 line numbers on paragraphs v4.41
\linenopenalty=\count129
\output=\toks41
\linenoprevgraf=\count130
\linenumbersep=\dimen124
\linenumberwidth=\dimen125
\c@linenumber=\count131
\c@pagewiselinenumber=\count132
\c@LN@truepage=\count133
\c@internallinenumber=\count134
\c@internallinenumbers=\count135
\quotelinenumbersep=\dimen126
\bframerule=\dimen127
\bframesep=\dimen128
\bframebox=\box31
LaTeX Info: Redefining \\ on input line 3056.
))
(./ex_shared.tex
(/usr/local/texlive/2019/texmf-dist/tex/latex/lipsum/lipsum.sty
(/usr/local/texlive/2019/texmf-dist/tex/latex/l3kernel/expl3.sty
Package: expl3 2019-04-06 L3 programming layer (loader) 

(/usr/local/texlive/2019/texmf-dist/tex/latex/l3kernel/expl3-code.tex
Package: expl3 2019-04-06 L3 programming layer (code)
\c_max_int=\count136
\l_tmpa_int=\count137
\l_tmpb_int=\count138
\g_tmpa_int=\count139
\g_tmpb_int=\count140
\g__kernel_prg_map_int=\count141
\c__ior_term_ior=\count142
\c_log_iow=\count143
\l_iow_line_count_int=\count144
\l__iow_line_target_int=\count145
\l__iow_one_indent_int=\count146
\l__iow_indent_int=\count147
\c_zero_dim=\dimen129
\c_max_dim=\dimen130
\l_tmpa_dim=\dimen131
\l_tmpb_dim=\dimen132
\g_tmpa_dim=\dimen133
\g_tmpb_dim=\dimen134
\c_zero_skip=\skip59
\c_max_skip=\skip60
\l_tmpa_skip=\skip61
\l_tmpb_skip=\skip62
\g_tmpa_skip=\skip63
\g_tmpb_skip=\skip64
\c_zero_muskip=\muskip12
\c_max_muskip=\muskip13
\l_tmpa_muskip=\muskip14
\l_tmpb_muskip=\muskip15
\g_tmpa_muskip=\muskip16
\g_tmpb_muskip=\muskip17
\l_keys_choice_int=\count148
\l__intarray_loop_int=\count149
\c__intarray_sp_dim=\dimen135
\g__intarray_font_int=\count150
\c__fp_leading_shift_int=\count151
\c__fp_middle_shift_int=\count152
\c__fp_trailing_shift_int=\count153
\c__fp_big_leading_shift_int=\count154
\c__fp_big_middle_shift_int=\count155
\c__fp_big_trailing_shift_int=\count156
\c__fp_Bigg_leading_shift_int=\count157
\c__fp_Bigg_middle_shift_int=\count158
\c__fp_Bigg_trailing_shift_int=\count159
\c__kernel_randint_max_int=\count160
\g__fp_array_int=\count161
\l__fp_array_loop_int=\count162
\l__sort_length_int=\count163
\l__sort_min_int=\count164
\l__sort_top_int=\count165
\l__sort_max_int=\count166
\l__sort_true_max_int=\count167
\l__sort_block_int=\count168
\l__sort_begin_int=\count169
\l__sort_end_int=\count170
\l__sort_A_int=\count171
\l__sort_B_int=\count172
\l__sort_C_int=\count173
\l__tl_analysis_normal_int=\count174
\l__tl_analysis_index_int=\count175
\l__tl_analysis_nesting_int=\count176
\l__tl_analysis_type_int=\count177
\l__regex_internal_a_int=\count178
\l__regex_internal_b_int=\count179
\l__regex_internal_c_int=\count180
\l__regex_balance_int=\count181
\l__regex_group_level_int=\count182
\l__regex_mode_int=\count183
\c__regex_cs_in_class_mode_int=\count184
\c__regex_cs_mode_int=\count185
\l__regex_catcodes_int=\count186
\l__regex_default_catcodes_int=\count187
\c__regex_catcode_D_int=\count188
\c__regex_catcode_S_int=\count189
\c__regex_catcode_L_int=\count190
\c__regex_catcode_O_int=\count191
\c__regex_catcode_A_int=\count192
\c__regex_all_catcodes_int=\count193
\l__regex_show_lines_int=\count194
\l__regex_min_state_int=\count195
\l__regex_max_state_int=\count196
\l__regex_left_state_int=\count197
\l__regex_right_state_int=\count198
\l__regex_capturing_group_int=\count199
\l__regex_min_pos_int=\count266
\l__regex_max_pos_int=\count267
\l__regex_curr_pos_int=\count268
\l__regex_start_pos_int=\count269
\l__regex_success_pos_int=\count270
\l__regex_curr_char_int=\count271
\l__regex_curr_catcode_int=\count272
\l__regex_last_char_int=\count273
\l__regex_case_changed_char_int=\count274
\l__regex_curr_state_int=\count275
\l__regex_step_int=\count276
\l__regex_min_active_int=\count277
\l__regex_max_active_int=\count278
\l__regex_replacement_csnames_int=\count279
\l__regex_match_count_int=\count280
\l__regex_min_submatch_int=\count281
\l__regex_submatch_int=\count282
\l__regex_zeroth_submatch_int=\count283
\g__regex_trace_regex_int=\count284
\c_empty_box=\box32
\l_tmpa_box=\box33
\l_tmpb_box=\box34
\g_tmpa_box=\box35
\g_tmpb_box=\box36
\l__box_top_dim=\dimen136
\l__box_bottom_dim=\dimen137
\l__box_left_dim=\dimen138
\l__box_right_dim=\dimen139
\l__box_top_new_dim=\dimen140
\l__box_bottom_new_dim=\dimen141
\l__box_left_new_dim=\dimen142
\l__box_right_new_dim=\dimen143
\l__box_internal_box=\box37
\l__coffin_internal_box=\box38
\l__coffin_internal_dim=\dimen144
\l__coffin_offset_x_dim=\dimen145
\l__coffin_offset_y_dim=\dimen146
\l__coffin_x_dim=\dimen147
\l__coffin_y_dim=\dimen148
\l__coffin_x_prime_dim=\dimen149
\l__coffin_y_prime_dim=\dimen150
\c_empty_coffin=\box39
\l__coffin_aligned_coffin=\box40
\l__coffin_aligned_internal_coffin=\box41
\l_tmpa_coffin=\box42
\l_tmpb_coffin=\box43
\g_tmpa_coffin=\box44
\g_tmpb_coffin=\box45
\l__coffin_bounding_shift_dim=\dimen151
\l__coffin_left_corner_dim=\dimen152
\l__coffin_right_corner_dim=\dimen153
\l__coffin_bottom_corner_dim=\dimen154
\l__coffin_top_corner_dim=\dimen155
\l__coffin_scaled_total_height_dim=\dimen156
\l__coffin_scaled_width_dim=\dimen157
\c__coffin_empty_coffin=\box46
\l__coffin_display_coffin=\box47
\l__coffin_display_coord_coffin=\box48
\l__coffin_display_pole_coffin=\box49
\l__coffin_display_offset_dim=\dimen158
\l__coffin_display_x_dim=\dimen159
\l__coffin_display_y_dim=\dimen160
\g__file_internal_ior=\read1
\l__seq_internal_a_int=\count285
\l__seq_internal_b_int=\count286
\c__deprecation_minus_one=\count287
)
(/usr/local/texlive/2019/texmf-dist/tex/latex/l3kernel/l3pdfmode.def
File: l3pdfmode.def 2019-04-06 v L3 Experimental driver: PDF mode
\l__driver_color_stack_int=\count288
))
(/usr/local/texlive/2019/texmf-dist/tex/latex/l3packages/xparse/xparse.sty
Package: xparse 2019-03-05 L3 Experimental document command parser
\l__xparse_current_arg_int=\count289
\g__xparse_grabber_int=\count290
\l__xparse_m_args_int=\count291
\l__xparse_v_nesting_int=\count292
)
Package: lipsum 2019/01/02 v2.2 150 paragraphs of Lorem Ipsum dummy text

(/usr/local/texlive/2019/texmf-dist/tex/latex/lipsum/lipsum.ltd.tex
File: lipsum.ltd.tex 2019/01/02 v2.2 The Lorem ipsum dummy text
))
(/usr/local/texlive/2019/texmf-dist/tex/latex/amsfonts/amsfonts.sty
Package: amsfonts 2013/01/14 v3.01 Basic AMSFonts support
\symAMSa=\mathgroup4
\symAMSb=\mathgroup5
LaTeX Font Info:    Overwriting math alphabet `\mathfrak' in version `bold'
(Font)                  U/euf/m/n --> U/euf/b/n on input line 106.
)
(/usr/local/texlive/2019/texmf-dist/tex/latex/algorithms/algorithmic.sty
Package: algorithmic 2009/08/24 v0.1 Document Style `algorithmic'
\c@ALC@unique=\count293
\c@ALC@line=\count294
\c@ALC@rem=\count295
\c@ALC@depth=\count296
\ALC@tlm=\skip65
\algorithmicindent=\skip66
)
(/usr/local/texlive/2019/texmf-dist/tex/latex/caption/subcaption.sty
Package: subcaption 2018/05/01 v1.1-162 Sub-captions (AR)

(/usr/local/texlive/2019/texmf-dist/tex/latex/caption/caption.sty
Package: caption 2018/10/06 v3.3-154 Customizing captions (AR)

(/usr/local/texlive/2019/texmf-dist/tex/latex/caption/caption3.sty
Package: caption3 2018/09/12 v1.8c caption3 kernel (AR)
Package caption3 Info: TeX engine: e-TeX on input line 64.
\captionmargin=\dimen161
\captionmargin@=\dimen162
\captionwidth=\dimen163
\caption@tempdima=\dimen164
\caption@indent=\dimen165
\caption@parindent=\dimen166
\caption@hangindent=\dimen167
Package caption Info: Unknown document class (or package),
(caption)             standard defaults will be used.
)

Package caption Warning: Unsupported document class (or package) detected,
(caption)                usage of the caption package is not recommended.
See the caption package documentation for explanation.

Package caption Info: \@makecaption = \long macro:#1#2->\footnotesize \setlengt
h {\parindent }{1.5pc} \ifx \@captype \@figtxt \vskip \abovecaptionskip \setbox
 \@tempboxa \hbox {{\normalfont \scshape #1}. {\normalfont \itshape #2}}\ifdim 
\wd \@tempboxa >\hsize {\normalfont \scshape #1}. {\normalfont \itshape #2}\par
 \else \global \@minipagefalse \hb@xt@ \hsize {\hfil \box \@tempboxa \hfil }\fi
 \else \hbox to\hsize {\hfil {\normalfont \scshape #1}\hfil }\setbox \@tempboxa
 \hbox {{\normalfont \itshape #2}}\ifdim \wd \@tempboxa >\hsize {\normalfont \i
tshape #2}\par \else \global \@minipagefalse \hb@xt@ \hsize {\hfil \box \@tempb
oxa \hfil }\fi \vskip \belowcaptionskip \fi .
\c@caption@flags=\count297
\c@ContinuedFloat=\count298
Package caption Info: float package is loaded.
Package caption Info: hyperref package is loaded.
Package caption Info: hypcap package is loaded.
)
\c@subfigure=\count299
\c@subtable=\count300
)
\c@currremarkctr=\count301
\c@endremarkctr=\count302
\c@currhypothesisctr=\count303
\c@endhypothesisctr=\count304
\c@currclaimctr=\count305
\c@endclaimctr=\count306
\c@currassumctr=\count307
\c@endassumctr=\count308
\c@currdfctr=\count309
\c@enddfctr=\count310
)

Package xr Warning: 
No file ex_supplement.aux
LABELS NOT IMPORTED.
 on input line 23.

(./ex_article.aux)
\openout1 = `ex_article.aux'.

LaTeX Font Info:    Checking defaults for OML/cmm/m/it on input line 37.
LaTeX Font Info:    ... okay on input line 37.
LaTeX Font Info:    Checking defaults for T1/cmr/m/n on input line 37.
LaTeX Font Info:    ... okay on input line 37.
LaTeX Font Info:    Checking defaults for OT1/cmr/m/n on input line 37.
LaTeX Font Info:    ... okay on input line 37.
LaTeX Font Info:    Checking defaults for OMS/cmsy/m/n on input line 37.
LaTeX Font Info:    ... okay on input line 37.
LaTeX Font Info:    Checking defaults for OMX/cmex/m/n on input line 37.
LaTeX Font Info:    ... okay on input line 37.
LaTeX Font Info:    Checking defaults for U/cmr/m/n on input line 37.
LaTeX Font Info:    ... okay on input line 37.
LaTeX Font Info:    Checking defaults for PD1/pdf/m/n on input line 37.
LaTeX Font Info:    ... okay on input line 37.
\AtBeginShipoutBox=\box50
Package hyperref Info: Link coloring ON on input line 37.

(/usr/local/texlive/2019/texmf-dist/tex/latex/hyperref/nameref.sty
Package: nameref 2016/05/21 v2.44 Cross-referencing by name of section

(/usr/local/texlive/2019/texmf-dist/tex/generic/oberdiek/gettitlestring.sty
Package: gettitlestring 2016/05/16 v1.5 Cleanup title references (HO)
)
\c@section@level=\count311
)
LaTeX Info: Redefining \ref on input line 37.
LaTeX Info: Redefining \pageref on input line 37.
LaTeX Info: Redefining \nameref on input line 37.

(./ex_article.out) (./ex_article.out)
\@outlinefile=\write3
\openout3 = `ex_article.out'.


(/usr/local/texlive/2019/texmf-dist/tex/context/base/mkii/supp-pdf.mkii
[Loading MPS to PDF converter (version 2006.09.02).]
\scratchcounter=\count312
\scratchdimen=\dimen168
\scratchbox=\box51
\nofMPsegments=\count313
\nofMParguments=\count314
\everyMPshowfont=\toks42
\MPscratchCnt=\count315
\MPscratchDim=\dimen169
\MPnumerator=\count316
\makeMPintoPDFobject=\count317
\everyMPtoPDFconversion=\toks43
)
Package caption Info: Begin \AtBeginDocument code.
Package caption Info: End \AtBeginDocument code.
LaTeX Font Info:    Try loading font information for U+msa on input line 40.
 (/usr/local/texlive/2019/texmf-dist/tex/latex/amsfonts/umsa.fd
File: umsa.fd 2013/01/14 v3.01 AMS symbols A
)
LaTeX Font Info:    Try loading font information for U+msb on input line 40.

(/usr/local/texlive/2019/texmf-dist/tex/latex/amsfonts/umsb.fd
File: umsb.fd 2013/01/14 v3.01 AMS symbols B
)
Underfull \hbox (badness 10000) in paragraph at lines 40--40
[][]\OT1/cmr/m/n/8 Department of Math-e-mat-ics, Uni-ver-sity of Bergen, NO-502
0 Bergen, Nor-way
 []

[1

{/usr/local/texlive/2019/texmf-var/fonts/map/pdftex/updmap/pdftex.map}]
[2]
<figures/jan_fig.pdf, id=201, 963.6pt x 542.025pt>
File: figures/jan_fig.pdf Graphic file (type pdf)
<use figures/jan_fig.pdf>
Package pdftex.def Info: figures/jan_fig.pdf  used on input line 77.
(pdftex.def)             Requested size: 222.2325pt x 125.00221pt.


LaTeX Warning: `h' float specifier changed to `ht'.


Overfull \hbox (169.27173pt too wide) has occurred while \output is active
[] \OT1/cmr/m/n/8 MODELING THE PROCESS OF SPECIATION USING A MULTI-SCALE FRAMEW
ORK INCLUDING A POSTERIORI ERROR ESTIMATES []|
 []

[3] [4 <./figures/jan_fig.pdf>]
Overfull \hbox (169.27173pt too wide) has occurred while \output is active
[] \OT1/cmr/m/n/8 MODELING THE PROCESS OF SPECIATION USING A MULTI-SCALE FRAMEW
ORK INCLUDING A POSTERIORI ERROR ESTIMATES []|
 []

[5] [6]
Package hyperref Info: bookmark level for unknown assum defaults to 0 on input 
line 194.

Overfull \hbox (169.27173pt too wide) has occurred while \output is active
[] \OT1/cmr/m/n/8 MODELING THE PROCESS OF SPECIATION USING A MULTI-SCALE FRAMEW
ORK INCLUDING A POSTERIORI ERROR ESTIMATES []|
 []

[7]
Package hyperref Info: bookmark level for unknown remark defaults to 0 on input
 line 282.
Package hyperref Info: bookmark level for unknown theorem defaults to 0 on inpu
t line 289.
Package hyperref Info: bookmark level for unknown proof defaults to 0 on input 
line 301.
 [8]
Overfull \hbox (169.27173pt too wide) has occurred while \output is active
[] \OT1/cmr/m/n/8 MODELING THE PROCESS OF SPECIATION USING A MULTI-SCALE FRAMEW
ORK INCLUDING A POSTERIORI ERROR ESTIMATES []|
 []

[9]
Package hyperref Info: bookmark level for unknown lemma defaults to 0 on input 
line 378.
 [10]
Package hyperref Info: bookmark level for unknown df defaults to 0 on input lin
e 431.

Overfull \hbox (169.27173pt too wide) has occurred while \output is active
[] \OT1/cmr/m/n/8 MODELING THE PROCESS OF SPECIATION USING A MULTI-SCALE FRAMEW
ORK INCLUDING A POSTERIORI ERROR ESTIMATES []|
 []

[11] [12]
Overfull \hbox (169.27173pt too wide) has occurred while \output is active
[] \OT1/cmr/m/n/8 MODELING THE PROCESS OF SPECIATION USING A MULTI-SCALE FRAMEW
ORK INCLUDING A POSTERIORI ERROR ESTIMATES []|
 []

[13]
<figures/region.png, id=480, 1030.85126pt x 581.17125pt>
File: figures/region.png Graphic file (type png)
<use figures/region.png>
Package pdftex.def Info: figures/region.png  used on input line 548.
(pdftex.def)             Requested size: 166.67154pt x 93.96477pt.
<figures/subregions.png, id=482, 1030.85126pt x 579.16376pt>
File: figures/subregions.png Graphic file (type png)
<use figures/subregions.png>
Package pdftex.def Info: figures/subregions.png  used on input line 554.
(pdftex.def)             Requested size: 166.67154pt x 93.6402pt.
 [14 <./figures/region.png> <./figures/subregions.png>]
Overfull \hbox (169.27173pt too wide) has occurred while \output is active
[] \OT1/cmr/m/n/8 MODELING THE PROCESS OF SPECIATION USING A MULTI-SCALE FRAMEW
ORK INCLUDING A POSTERIORI ERROR ESTIMATES []|
 []

[15]

Package hyperref Warning: Token not allowed in a PDF string (PDFDocEncoding):
(hyperref)                removing `\\' on input line 606.

Package hyperref Info: bookmark level for unknown proposition defaults to 0 on 
input line 633.
[16]
Overfull \hbox (169.27173pt too wide) has occurred while \output is active
[] \OT1/cmr/m/n/8 MODELING THE PROCESS OF SPECIATION USING A MULTI-SCALE FRAMEW
ORK INCLUDING A POSTERIORI ERROR ESTIMATES []|
 []

[17] [18]
Overfull \hbox (169.27173pt too wide) has occurred while \output is active
[] \OT1/cmr/m/n/8 MODELING THE PROCESS OF SPECIATION USING A MULTI-SCALE FRAMEW
ORK INCLUDING A POSTERIORI ERROR ESTIMATES []|
 []

[19]
<figures/ex1_new/abundance.png, id=609, 2890.8pt x 1529.715pt>
File: figures/ex1_new/abundance.png Graphic file (type png)
<use figures/ex1_new/abundance.png>
Package pdftex.def Info: figures/ex1_new/abundance.png  used on input line 763.

(pdftex.def)             Requested size: 166.67154pt x 88.18434pt.
<figures/ex1_new/abundance_H.png, id=610, 2890.8pt x 1531.7225pt>
File: figures/ex1_new/abundance_H.png Graphic file (type png)
<use figures/ex1_new/abundance_H.png>
Package pdftex.def Info: figures/ex1_new/abundance_H.png  used on input line 76
9.
(pdftex.def)             Requested size: 166.67154pt x 88.30006pt.
<figures/ex1_new/x1.png, id=611, 2890.8pt x 1529.715pt>
File: figures/ex1_new/x1.png Graphic file (type png)
<use figures/ex1_new/x1.png>
Package pdftex.def Info: figures/ex1_new/x1.png  used on input line 780.
(pdftex.def)             Requested size: 166.67154pt x 88.18434pt.
<figures/ex1_new/x1_H.png, id=612, 2890.8pt x 1531.7225pt>
File: figures/ex1_new/x1_H.png Graphic file (type png)
<use figures/ex1_new/x1_H.png>
Package pdftex.def Info: figures/ex1_new/x1_H.png  used on input line 786.
(pdftex.def)             Requested size: 166.67154pt x 88.30006pt.
<figures/ex1_new/lambda_max.png, id=613, 2890.8pt x 1529.715pt>
File: figures/ex1_new/lambda_max.png Graphic file (type png)
<use figures/ex1_new/lambda_max.png>
Package pdftex.def Info: figures/ex1_new/lambda_max.png  used on input line 797
.
(pdftex.def)             Requested size: 166.67154pt x 88.18434pt.
<figures/ex1_new/lambda_max_H.png, id=614, 2890.8pt x 1531.7225pt>
File: figures/ex1_new/lambda_max_H.png Graphic file (type png)
<use figures/ex1_new/lambda_max_H.png>
Package pdftex.def Info: figures/ex1_new/lambda_max_H.png  used on input line 8
03.
(pdftex.def)             Requested size: 166.67154pt x 88.30006pt.


LaTeX Warning: `h' float specifier changed to `ht'.

<figures/ex1_new/res.png, id=615, 2890.8pt x 1529.715pt>
File: figures/ex1_new/res.png Graphic file (type png)
<use figures/ex1_new/res.png>
Package pdftex.def Info: figures/ex1_new/res.png  used on input line 814.
(pdftex.def)             Requested size: 166.67154pt x 88.18434pt.
<figures/ex1_new/res_H.png, id=616, 2890.8pt x 1531.7225pt>
File: figures/ex1_new/res_H.png Graphic file (type png)
<use figures/ex1_new/res_H.png>
Package pdftex.def Info: figures/ex1_new/res_H.png  used on input line 820.
(pdftex.def)             Requested size: 166.67154pt x 88.30006pt.

LaTeX Warning: `h' float specifier changed to `ht'.

<figures/ex1_new/enorm.png, id=617, 2890.8pt x 1529.715pt>
File: figures/ex1_new/enorm.png Graphic file (type png)
<use figures/ex1_new/enorm.png>
Package pdftex.def Info: figures/ex1_new/enorm.png  used on input line 831.
(pdftex.def)             Requested size: 166.67154pt x 88.18434pt.
<figures/ex1_new/enorm_H.png, id=618, 2890.8pt x 1531.7225pt>
File: figures/ex1_new/enorm_H.png Graphic file (type png)
<use figures/ex1_new/enorm_H.png>
Package pdftex.def Info: figures/ex1_new/enorm_H.png  used on input line 837.
(pdftex.def)             Requested size: 166.67154pt x 88.30006pt.

LaTeX Warning: `h' float specifier changed to `ht'.

[20 <./figures/ex1_new/abundance.png (PNG copy)> <./figures/ex1_new/abundance_H
.png (PNG copy)> <./figures/ex1_new/x1.png (PNG copy)> <./figures/ex1_new/x1_H.
png (PNG copy)>]
Overfull \hbox (169.27173pt too wide) has occurred while \output is active
[] \OT1/cmr/m/n/8 MODELING THE PROCESS OF SPECIATION USING A MULTI-SCALE FRAMEW
ORK INCLUDING A POSTERIORI ERROR ESTIMATES []|
 []

[21 <./figures/ex1_new/lambda_max.png (PNG copy)> <./figures/ex1_new/lambda_max
_H.png (PNG copy)> <./figures/ex1_new/res.png (PNG copy)> <./figures/ex1_new/re
s_H.png (PNG copy)>] [22 <./figures/ex1_new/enorm.png (PNG copy)> <./figures/ex
1_new/enorm_H.png (PNG copy)>]
<figures/ex2/prey_abundance.png, id=661, 2890.8pt x 1523.6925pt>
File: figures/ex2/prey_abundance.png Graphic file (type png)
<use figures/ex2/prey_abundance.png>
Package pdftex.def Info: figures/ex2/prey_abundance.png  used on input line 896
.
(pdftex.def)             Requested size: 166.67154pt x 87.83716pt.
<figures/ex2/prey_abundance_H.png, id=662, 2890.8pt x 1523.6925pt>
File: figures/ex2/prey_abundance_H.png Graphic file (type png)
<use figures/ex2/prey_abundance_H.png>
Package pdftex.def Info: figures/ex2/prey_abundance_H.png  used on input line 9
02.
(pdftex.def)             Requested size: 166.67154pt x 87.83716pt.
<figures/ex2/pred_abundance.png, id=663, 2890.8pt x 1523.6925pt>
File: figures/ex2/pred_abundance.png Graphic file (type png)
<use figures/ex2/pred_abundance.png>
Package pdftex.def Info: figures/ex2/pred_abundance.png  used on input line 913
.
(pdftex.def)             Requested size: 166.67154pt x 87.83716pt.
<figures/ex2/pred_abundance_H.png, id=664, 2890.8pt x 1523.6925pt>
File: figures/ex2/pred_abundance_H.png Graphic file (type png)
<use figures/ex2/pred_abundance_H.png>
Package pdftex.def Info: figures/ex2/pred_abundance_H.png  used on input line 9
19.
(pdftex.def)             Requested size: 166.67154pt x 87.83716pt.
<figures/ex2/prey_x1.png, id=665, 2890.8pt x 1523.6925pt>
File: figures/ex2/prey_x1.png Graphic file (type png)
<use figures/ex2/prey_x1.png>
Package pdftex.def Info: figures/ex2/prey_x1.png  used on input line 930.
(pdftex.def)             Requested size: 166.67154pt x 87.83716pt.
<figures/ex2/prey_x1_H.png, id=666, 2890.8pt x 1523.6925pt>
File: figures/ex2/prey_x1_H.png Graphic file (type png)
<use figures/ex2/prey_x1_H.png>
Package pdftex.def Info: figures/ex2/prey_x1_H.png  used on input line 936.
(pdftex.def)             Requested size: 166.67154pt x 87.83716pt.
<figures/ex2/prey_x2.png, id=667, 2890.8pt x 1523.6925pt>
File: figures/ex2/prey_x2.png Graphic file (type png)
<use figures/ex2/prey_x2.png>
Package pdftex.def Info: figures/ex2/prey_x2.png  used on input line 964.
(pdftex.def)             Requested size: 166.67154pt x 87.83716pt.
<figures/ex2/prey_x2_H.png, id=668, 2890.8pt x 1523.6925pt>
File: figures/ex2/prey_x2_H.png Graphic file (type png)
<use figures/ex2/prey_x2_H.png>
Package pdftex.def Info: figures/ex2/prey_x2_H.png  used on input line 970.
(pdftex.def)             Requested size: 166.67154pt x 87.83716pt.


LaTeX Warning: `h' float specifier changed to `ht'.

<figures/ex2/prey_lambda_max.png, id=669, 2890.8pt x 1523.6925pt>
File: figures/ex2/prey_lambda_max.png Graphic file (type png)
<use figures/ex2/prey_lambda_max.png>
Package pdftex.def Info: figures/ex2/prey_lambda_max.png  used on input line 99
8.
(pdftex.def)             Requested size: 166.67154pt x 87.83716pt.
<figures/ex2/prey_lambda_max_H.png, id=670, 2890.8pt x 1523.6925pt>
File: figures/ex2/prey_lambda_max_H.png Graphic file (type png)
<use figures/ex2/prey_lambda_max_H.png>
Package pdftex.def Info: figures/ex2/prey_lambda_max_H.png  used on input line 
1004.
(pdftex.def)             Requested size: 166.67154pt x 87.83716pt.

LaTeX Warning: `h' float specifier changed to `ht'.

<figures/ex2/prey_res.png, id=671, 2890.8pt x 1523.6925pt>
File: figures/ex2/prey_res.png Graphic file (type png)
<use figures/ex2/prey_res.png>
Package pdftex.def Info: figures/ex2/prey_res.png  used on input line 1032.
(pdftex.def)             Requested size: 166.67154pt x 87.83716pt.
<figures/ex2/prey_res_H.png, id=672, 2890.8pt x 1523.6925pt>
File: figures/ex2/prey_res_H.png Graphic file (type png)
<use figures/ex2/prey_res_H.png>
Package pdftex.def Info: figures/ex2/prey_res_H.png  used on input line 1038.
(pdftex.def)             Requested size: 166.67154pt x 87.83716pt.

LaTeX Warning: `h' float specifier changed to `ht'.

<figures/ex2/pred_res.png, id=673, 2890.8pt x 1523.6925pt>
File: figures/ex2/pred_res.png Graphic file (type png)
<use figures/ex2/pred_res.png>
Package pdftex.def Info: figures/ex2/pred_res.png  used on input line 1049.
(pdftex.def)             Requested size: 166.67154pt x 87.83716pt.
<figures/ex2/pred_res_H.png, id=674, 2890.8pt x 1523.6925pt>
File: figures/ex2/pred_res_H.png Graphic file (type png)
<use figures/ex2/pred_res_H.png>
Package pdftex.def Info: figures/ex2/pred_res_H.png  used on input line 1055.
(pdftex.def)             Requested size: 166.67154pt x 87.83716pt.

LaTeX Warning: `h' float specifier changed to `ht'.


Overfull \hbox (169.27173pt too wide) has occurred while \output is active
[] \OT1/cmr/m/n/8 MODELING THE PROCESS OF SPECIATION USING A MULTI-SCALE FRAMEW
ORK INCLUDING A POSTERIORI ERROR ESTIMATES []|
 []

[23 <./figures/ex2/prey_abundance.png (PNG copy)> <./figures/ex2/prey_abundance
_H.png (PNG copy)> <./figures/ex2/pred_abundance.png (PNG copy)> <./figures/ex2
/pred_abundance_H.png (PNG copy)> <./figures/ex2/prey_x1.png (PNG copy)> <./fig
ures/ex2/prey_x1_H.png (PNG copy)>]
Underfull \vbox (badness 1715) has occurred while \output is active []

 [24 <./figures/ex2/prey_x2.png (PNG copy)> <./figures/ex2/prey_x2_H.png (PNG c
opy)> <./figures/ex2/prey_lambda_max.png (PNG copy)> <./figures/ex2/prey_lambda
_max_H.png (PNG copy)>] (./ex_article.bbl
Overfull \hbox (169.27173pt too wide) has occurred while \output is active
[] \OT1/cmr/m/n/8 MODELING THE PROCESS OF SPECIATION USING A MULTI-SCALE FRAMEW
ORK INCLUDING A POSTERIORI ERROR ESTIMATES []|
 []

[25 <./figures/ex2/prey_res.png (PNG copy)> <./figures/ex2/prey_res_H.png (PNG 
copy)> <./figures/ex2/pred_res.png (PNG copy)> <./figures/ex2/pred_res_H.png (P
NG copy)>])
\tf@thm=\write4
\openout4 = `ex_article.thm'.

Package atveryend Info: Empty hook `BeforeClearDocument' on input line 1072.
 [26]
Package atveryend Info: Empty hook `AfterLastShipout' on input line 1072.
 (./ex_article.aux)
Package atveryend Info: Executing hook `AtVeryEndDocument' on input line 1072.
Package atveryend Info: Executing hook `AtEndAfterFileList' on input line 1072.

Package rerunfilecheck Info: File `ex_article.out' has not changed.
(rerunfilecheck)             Checksum: 052D562ED8DA93E0F6898EE78E4C3A31;2339.
Package atveryend Info: Empty hook `AtVeryVeryEnd' on input line 1072.
 ) 
Here is how much of TeX's memory you used:
 22050 strings out of 492623
 382835 string characters out of 6129552
 571687 words of memory out of 5000000
 23949 multiletter control sequences out of 15000+600000
 544366 words of font info for 68 fonts, out of 8000000 for 9000
 2715 hyphenation exceptions out of 8191
 44i,18n,63p,2397b,560s stack positions out of 5000i,500n,10000p,200000b,80000s
</usr/local/texlive/2019/texmf-dist/fonts/type1/public/amsfonts/cm/cmbx10.pfb
></usr/local/texlive/2019/texmf-dist/fonts/type1/public/amsfonts/cm/cmbx8.pfb><
/usr/local/texlive/2019/texmf-dist/fonts/type1/public/amsfonts/cm/cmcsc10.pfb><
/usr/local/texlive/2019/texmf-dist/fonts/type1/public/amsfonts/cm/cmex10.pfb></
usr/local/texlive/2019/texmf-dist/fonts/type1/public/amsfonts/cm/cmmi10.pfb></u
sr/local/texlive/2019/texmf-dist/fonts/type1/public/amsfonts/cm/cmmi5.pfb></usr
/local/texlive/2019/texmf-dist/fonts/type1/public/amsfonts/cm/cmmi7.pfb></usr/l
ocal/texlive/2019/texmf-dist/fonts/type1/public/amsfonts/cm/cmmi9.pfb></usr/loc
al/texlive/2019/texmf-dist/fonts/type1/public/amsfonts/cm/cmmib10.pfb></usr/loc
al/texlive/2019/texmf-dist/fonts/type1/public/amsfonts/cm/cmr10.pfb></usr/local
/texlive/2019/texmf-dist/fonts/type1/public/amsfonts/cm/cmr5.pfb></usr/local/te
xlive/2019/texmf-dist/fonts/type1/public/amsfonts/cm/cmr7.pfb></usr/local/texli
ve/2019/texmf-dist/fonts/type1/public/amsfonts/cm/cmr8.pfb></usr/local/texlive/
2019/texmf-dist/fonts/type1/public/amsfonts/cm/cmr9.pfb></usr/local/texlive/201
9/texmf-dist/fonts/type1/public/amsfonts/cm/cmsy10.pfb></usr/local/texlive/2019
/texmf-dist/fonts/type1/public/amsfonts/cm/cmsy5.pfb></usr/local/texlive/2019/t
exmf-dist/fonts/type1/public/amsfonts/cm/cmsy6.pfb></usr/local/texlive/2019/tex
mf-dist/fonts/type1/public/amsfonts/cm/cmsy7.pfb></usr/local/texlive/2019/texmf
-dist/fonts/type1/public/amsfonts/cm/cmti10.pfb></usr/local/texlive/2019/texmf-
dist/fonts/type1/public/amsfonts/cm/cmti8.pfb></usr/local/texlive/2019/texmf-di
st/fonts/type1/public/amsfonts/symbols/msbm10.pfb>
Output written on ex_article.pdf (26 pages, 3654840 bytes).
PDF statistics:
 825 PDF objects out of 1000 (max. 8388607)
 733 compressed objects within 8 object streams
 269 named destinations out of 1000 (max. 500000)
 408 words of extra memory for PDF output out of 10000 (max. 10000000)

