\BOOKMARK [1][-]{section.1}{Introduction}{}% 1
\BOOKMARK [1][-]{section.3}{Models}{}% 2
\BOOKMARK [2][-]{subsection.4}{The trait-specific population level model}{section.3}% 3
\BOOKMARK [2][-]{subsection.12}{The species level model}{section.3}% 4
\BOOKMARK [2][-]{subsection.29}{Relationship between population and species level models}{section.3}% 5
\BOOKMARK [1][-]{section.35}{Time discrete PLM}{}% 6
\BOOKMARK [2][-]{subsection.37}{Notation}{section.35}% 7
\BOOKMARK [2][-]{subsection.38}{Preliminaries}{section.35}% 8
\BOOKMARK [2][-]{subsection.66}{Solvability}{section.35}% 9
\BOOKMARK [3][-]{subsubsection.70}{Linearization}{subsection.66}% 10
\BOOKMARK [3][-]{subsubsection.77}{Nonlinear problem}{subsection.66}% 11
\BOOKMARK [3][-]{subsubsection.84}{Residual identity}{subsection.66}% 12
\BOOKMARK [3][-]{subsubsection.94}{Uniqueness}{subsection.66}% 13
\BOOKMARK [1][-]{section.95}{A posteriori error bound}{}% 14
\BOOKMARK [2][-]{subsection.96}{Space approximations}{section.95}% 15
\BOOKMARK [2][-]{subsection.99}{First upper bound}{section.95}% 16
\BOOKMARK [1][-]{section.129}{Speciation}{}% 17
\BOOKMARK [2][-]{subsection.130}{Trait space density regions}{section.129}% 18
\BOOKMARK [2][-]{subsection.131}{Heuristic approach}{section.129}% 19
\BOOKMARK [2][-]{subsection.134}{Multi-scale approach}{section.129}% 20
\BOOKMARK [1][-]{section.144}{Application: distinguishing the modeling error}{}% 21
\BOOKMARK [2][-]{subsection.145}{Abundance density reconstruction and flux equilibration \040with smooth sources}{section.144}% 22
\BOOKMARK [2][-]{subsection.160}{Distinguishing the error components}{section.144}% 23
\BOOKMARK [2][-]{subsection.170}{Detection of speciation events}{section.144}% 24
\BOOKMARK [1][-]{section.171}{Numerical examples}{}% 25
\BOOKMARK [2][-]{subsection.173}{Numerical approximations}{section.171}% 26
\BOOKMARK [2][-]{subsection.174}{Example 1}{section.171}% 27
\BOOKMARK [3][-]{subsubsection.176}{Parameters}{subsection.174}% 28
\BOOKMARK [3][-]{subsubsection.187}{Simulation}{subsection.174}% 29
\BOOKMARK [2][-]{subsection.193}{Example 2}{section.171}% 30
\BOOKMARK [3][-]{subsubsection.197}{Parameters}{subsection.193}% 31
\BOOKMARK [3][-]{subsubsection.204}{Simulation}{subsection.193}% 32
\BOOKMARK [1][-]{section.213}{Conclusions}{}% 33
\BOOKMARK [1][-]{section*.214}{References}{}% 34
